d:\uoft_courses\ece1756_reconfigurable_computing_and_fpga_architecture\lab3\vs_project\ram_mapper\ram_mapper\debug\vc141.pdb
d:\uoft_courses\ece1756_reconfigurable_computing_and_fpga_architecture\lab3\vs_project\ram_mapper\ram_mapper\debug\vc141.idb
d:\uoft_courses\ece1756_reconfigurable_computing_and_fpga_architecture\lab3\vs_project\ram_mapper\ram_mapper\debug\main.obj
d:\uoft_courses\ece1756_reconfigurable_computing_and_fpga_architecture\lab3\vs_project\ram_mapper\ram_mapper\debug\logicram.obj
d:\uoft_courses\ece1756_reconfigurable_computing_and_fpga_architecture\lab3\vs_project\ram_mapper\ram_mapper\debug\ram_mapper.obj
d:\uoft_courses\ece1756_reconfigurable_computing_and_fpga_architecture\lab3\vs_project\ram_mapper\ram_mapper\debug\circuit.obj
d:\uoft_courses\ece1756_reconfigurable_computing_and_fpga_architecture\lab3\vs_project\ram_mapper\ram_mapper\debug\solution.obj
d:\uoft_courses\ece1756_reconfigurable_computing_and_fpga_architecture\lab3\vs_project\ram_mapper\ram_mapper\debug\architecture.obj
d:\uoft_courses\ece1756_reconfigurable_computing_and_fpga_architecture\lab3\vs_project\archive11_27\ram_mapper\debug\vc141.pdb
d:\uoft_courses\ece1756_reconfigurable_computing_and_fpga_architecture\lab3\vs_project\archive11_27\ram_mapper\debug\vc141.idb
d:\uoft_courses\ece1756_reconfigurable_computing_and_fpga_architecture\lab3\vs_project\archive11_27\ram_mapper\debug\solution.obj
d:\uoft_courses\ece1756_reconfigurable_computing_and_fpga_architecture\lab3\vs_project\archive11_27\ram_mapper\debug\ram_mapper.obj
d:\uoft_courses\ece1756_reconfigurable_computing_and_fpga_architecture\lab3\vs_project\archive11_27\ram_mapper\debug\main.obj
d:\uoft_courses\ece1756_reconfigurable_computing_and_fpga_architecture\lab3\vs_project\archive11_27\ram_mapper\debug\logicram.obj
d:\uoft_courses\ece1756_reconfigurable_computing_and_fpga_architecture\lab3\vs_project\archive11_27\ram_mapper\debug\circuit.obj
d:\uoft_courses\ece1756_reconfigurable_computing_and_fpga_architecture\lab3\vs_project\archive11_27\ram_mapper\debug\architecture.obj
d:\uoft_courses\ece1756_reconfigurable_computing_and_fpga_architecture\lab3\vs_project\ram_mapper\debug\ram_mapper.exe
d:\uoft_courses\ece1756_reconfigurable_computing_and_fpga_architecture\lab3\vs_project\ram_mapper\debug\ram_mapper.ilk
d:\uoft_courses\ece1756_reconfigurable_computing_and_fpga_architecture\lab3\vs_project\ram_mapper\debug\ram_mapper.pdb
d:\uoft_courses\ece1756_reconfigurable_computing_and_fpga_architecture\lab3\vs_project\archive11_27\debug\ram_mapper.exe
d:\uoft_courses\ece1756_reconfigurable_computing_and_fpga_architecture\lab3\vs_project\archive11_27\debug\ram_mapper.ilk
d:\uoft_courses\ece1756_reconfigurable_computing_and_fpga_architecture\lab3\vs_project\archive11_27\debug\ram_mapper.pdb
d:\uoft_courses\ece1756_reconfigurable_computing_and_fpga_architecture\lab3\vs_project\archive11_27\ram_mapper\debug\ram_mapper.tlog\cl.command.1.tlog
d:\uoft_courses\ece1756_reconfigurable_computing_and_fpga_architecture\lab3\vs_project\archive11_27\ram_mapper\debug\ram_mapper.tlog\cl.read.1.tlog
d:\uoft_courses\ece1756_reconfigurable_computing_and_fpga_architecture\lab3\vs_project\archive11_27\ram_mapper\debug\ram_mapper.tlog\cl.write.1.tlog
d:\uoft_courses\ece1756_reconfigurable_computing_and_fpga_architecture\lab3\vs_project\archive11_27\ram_mapper\debug\ram_mapper.tlog\link.command.1.tlog
d:\uoft_courses\ece1756_reconfigurable_computing_and_fpga_architecture\lab3\vs_project\archive11_27\ram_mapper\debug\ram_mapper.tlog\link.read.1.tlog
d:\uoft_courses\ece1756_reconfigurable_computing_and_fpga_architecture\lab3\vs_project\archive11_27\ram_mapper\debug\ram_mapper.tlog\link.write.1.tlog
